<?xml version="1.0" encoding="UTF-8"?>
<!-- Generated by org.testng.reporters.JUnitReportReporter -->
<testsuite hostname="DESKTOP-QDTS583" failures="0" tests="4" name="com.qa.testcases.LoginTest" time="47.931" errors="0" timestamp="2021-04-05T20:13:15 GST" skipped="0">
  <testcase classname="com.qa.testcases.LoginTest" name="verifyValidLoginTest" time="14.785"/>
  <system-out/>
  <testcase classname="com.qa.testcases.LoginTest" name="verifyLoginWithInvaliduserNameTest" time="11.516"/>
  <system-out/>
  <testcase classname="com.qa.testcases.LoginTest" name="LoginWithInvalidPasswordTest" time="9.411"/>
  <system-out/>
  <testcase classname="com.qa.testcases.LoginTest" name="verifyLogoutOfApplicationTest" time="12.219"/>
  <system-out/>
</testsuite> <!-- com.qa.testcases.LoginTest -->
