<?xml version="1.0" encoding="UTF-8"?>
<!-- Generated by org.testng.reporters.JUnitReportReporter -->
<testsuite hostname="Stepha" failures="0" tests="9" name="com.qa.testcases.ComputerTest" time="132.564" errors="0" timestamp="2021-05-25T11:42:34 GST" skipped="0">
  <testcase classname="com.qa.testcases.ComputerTest" name="verifyThatUserCanAddComputerWithAllDetailsTest" time="13.469"/>
  <system-out/>
  <testcase classname="com.qa.testcases.ComputerTest" name="verifyThatUserCanAddComputerWithComputerNameTest" time="10.867"/>
  <system-out/>
  <testcase classname="com.qa.testcases.ComputerTest" name="verifyAddComputerWithoutNameTest" time="23.082"/>
  <system-out/>
  <testcase classname="com.qa.testcases.ComputerTest" name="verifyClickOnCancelButtonInAddComputerTest" time="8.690"/>
  <system-out/>
  <testcase classname="com.qa.testcases.ComputerTest" name="verifyThatUserCanEditComputerTest" time="15.292"/>
  <system-out/>
  <testcase classname="com.qa.testcases.ComputerTest" name="verifyEditComputerWithoutNameTest" time="12.892"/>
  <system-out/>
  <testcase classname="com.qa.testcases.ComputerTest" name="verifyClickOnCancelButtonInEditComputerTest" time="18.456"/>
  <system-out/>
  <testcase classname="com.qa.testcases.ComputerTest" name="verifyDeleteComputerTest" time="16.597"/>
  <system-out/>
  <testcase classname="com.qa.testcases.ComputerTest" name="verifyFilterComputerByNameTest" time="13.219"/>
  <system-out/>
</testsuite> <!-- com.qa.testcases.ComputerTest -->
